2025-12-03 11:04:11,755 - Main - INFO - ============================================================
2025-12-03 11:04:11,755 - Main - INFO - 정부 지원 사업 추천 시스템 시작
2025-12-03 11:04:11,755 - Main - INFO - ============================================================
2025-12-03 11:04:11,755 - Scraper.K-Startup - INFO - [K-Startup] 크롤링 시작...
2025-12-03 11:04:11,755 - Scraper.K-Startup - INFO - 페이지 1/3 크롤링 중...
2025-12-03 11:04:11,921 - Scraper.K-Startup - INFO - 페이지 1: 0개 공고 수집
2025-12-03 11:04:12,921 - Scraper.K-Startup - INFO - 페이지 2/3 크롤링 중...
2025-12-03 11:04:13,079 - Scraper.K-Startup - INFO - 페이지 2: 0개 공고 수집
2025-12-03 11:04:14,079 - Scraper.K-Startup - INFO - 페이지 3/3 크롤링 중...
2025-12-03 11:04:14,252 - Scraper.K-Startup - INFO - 페이지 3: 0개 공고 수집
2025-12-03 11:04:15,254 - Scraper.K-Startup - INFO - [K-Startup] 0개 공고 발견
2025-12-03 11:04:15,255 - Scraper.K-Startup - INFO - [K-Startup] 0개 공고 파싱 완료
2025-12-03 11:04:15,255 - Main - WARNING - [IRIS (범부처통합연구지원)] 크롤러 클래스 'IRISScraper' 미구현 - 스킵
2025-12-03 11:04:15,255 - Main - WARNING - [기업마당] 크롤러 클래스 'BizinfoScraper' 미구현 - 스킵
2025-12-03 11:04:15,255 - Main - INFO - 총 0개 공고 수집 완료
2025-12-03 11:04:15,255 - Main - WARNING - 수집된 공고가 없습니다.
2025-12-03 11:08:44,899 - Main - INFO - ============================================================
2025-12-03 11:08:44,899 - Main - INFO - 정부 지원 사업 추천 시스템 시작
2025-12-03 11:08:44,900 - Main - INFO - ============================================================
2025-12-03 11:08:44,900 - Scraper.K-Startup - INFO - [K-Startup] 크롤링 시작...
2025-12-03 11:08:44,900 - Scraper.K-Startup - INFO - 페이지 1/3 크롤링 중...
2025-12-03 11:08:45,081 - Scraper.K-Startup - INFO - 페이지 1: 0개 공고 수집
2025-12-03 11:08:46,081 - Scraper.K-Startup - INFO - 페이지 2/3 크롤링 중...
2025-12-03 11:08:46,227 - Scraper.K-Startup - INFO - 페이지 2: 0개 공고 수집
2025-12-03 11:08:47,227 - Scraper.K-Startup - INFO - 페이지 3/3 크롤링 중...
2025-12-03 11:08:47,373 - Scraper.K-Startup - INFO - 페이지 3: 0개 공고 수집
2025-12-03 11:08:48,374 - Scraper.K-Startup - INFO - [K-Startup] 0개 공고 발견
2025-12-03 11:08:48,375 - Scraper.K-Startup - INFO - [K-Startup] 0개 공고 파싱 완료
2025-12-03 11:08:48,375 - Main - WARNING - [IRIS (범부처통합연구지원)] 크롤러 클래스 'IRISScraper' 미구현 - 스킵
2025-12-03 11:08:48,376 - Main - WARNING - [기업마당] 크롤러 클래스 'BizinfoScraper' 미구현 - 스킵
2025-12-03 11:08:48,376 - Main - INFO - 총 0개 공고 수집 완료
2025-12-03 11:08:48,376 - Main - WARNING - 수집된 공고가 없습니다.
